<?xml version="1.0" encoding="UTF-8"?>
<testsuite name="com.wipro.dias.steps.AcceptanceTestSuite" time="617.869" tests="26" errors="0" skipped="0" failures="1">
  <properties>
[...]
</properties>
  <testcase name="BeforeStories" classname="java.lang.Object" time="0.028"/>
  <testcase name="Given the user is in homepage" classname="com.wipro.dias.steps.HomeSteps" time="169.577"/>
  <testcase name="Then the user waits for &apos;2&apos; seconds" classname="com.wipro.dias.steps.HomeSteps" time="5.43"/>
  <testcase name="When the user clicks on travelling with us" classname="com.wipro.dias.steps.HomeSteps" time="6.088"/>
  <testcase name="And the user clicks on delta sky club" classname="com.wipro.dias.steps.HomeSteps" time="35.733"/>
  <testcase name="And the user clicks on One day pass" classname="com.wipro.dias.steps.HomeSteps" time="28.963"/>
  <testcase name="And the user selects option" classname="com.wipro.dias.steps.HomeSteps" time="21.125"/>
  <testcase name="And the user enter &lt;&apos;quantity&apos;&gt;,&lt;&apos;address&apos;&gt;,&lt;&apos;city&apos;&gt;, &lt;&apos;zip&apos;&gt;" classname="com.wipro.dias.steps.HomeSteps" time="10.755"/>
  <testcase name="And the user selects location and state" classname="com.wipro.dias.steps.HomeSteps" time="4.64"/>
  <testcase name="And the user clicks on add to cart" classname="com.wipro.dias.steps.HomeSteps" time="29.088"/>
  <testcase name="Then the user waits for &apos;5&apos; seconds" classname="com.wipro.dias.steps.HomeSteps" time="6.436"/>
  <testcase name="Then the pass should be added to cart" classname="com.wipro.dias.steps.HomeSteps" time="2.141"/>
  <testcase name="When the user clicks on cart symbol" classname="com.wipro.dias.steps.HomeSteps" time="16.792"/>
  <testcase name="And the user clicks on remove button" classname="com.wipro.dias.steps.HomeSteps" time="36.133"/>
  <testcase name="Then the pass should be removed from the cart" classname="com.wipro.dias.steps.HomeSteps" time="1.235"/>
  <testcase name="Scenario: verify the user is able to add and remove a pass to and from the cart" classname="Scenario: verify the user is able to add and remove a pass to and from the cart" time="2.341"/>
  <testcase name="verifyAddToCartAndRemoveFromCart.story" classname="verifyAddToCartAndRemoveFromCart.story" time="3.358"/>
  <testcase name="Given the user is in homepage​" classname="com.wipro.dias.steps.HomeSteps" time="89.791"/>
  <testcase name="Then the user waits for &apos;2&apos; seconds​" classname="com.wipro.dias.steps.HomeSteps" time="6.728"/>
  <testcase name="When the user clicks on skymiles" classname="com.wipro.dias.steps.HomeSteps" time="11.016"/>
  <testcase name="And the user clicks on join sky miles" classname="com.wipro.dias.steps.HomeSteps" time="36.702"/>
  <testcase name="And the user enters &lt;&apos;firstName&apos;&gt;,&lt;&apos;lastName&apos;&gt;" classname="com.wipro.dias.steps.HomeSteps" time="46.603"/>
  <testcase name="And the user selects dob and gender" classname="com.wipro.dias.steps.HomeSteps" time="9.198"/>
  <testcase name="And the user clicks on complete button" classname="com.wipro.dias.steps.HomeSteps" time="5.842"/>
  <testcase name="Then the welcome page should appear" classname="com.wipro.dias.steps.HomeSteps" time="2.691">
    <failure type="java.lang.AssertionError:">java.lang.AssertionError: null
	at com.wipro.dias.steps.HomeSteps.userShuoldSeeWelcomeScreen(HomeSteps.java:207)
</failure>
    <system-out><![CDATA[And the user clicks on complete button
]]></system-out>
  </testcase>
  <testcase name="AfterStories" classname="java.lang.Object" time="29.435"/>
</testsuite>